Analysis & Synthesis report for TopUselessBox
Sat Jul 22 11:24:27 2023
Quartus Prime Version 18.1.0 Build 625 09/12/2018 SJ Lite Edition


---------------------
; Table of Contents ;
---------------------
  1. Legal Notice
  2. Analysis & Synthesis Summary
  3. Analysis & Synthesis Settings
  4. Parallel Compilation
  5. Analysis & Synthesis Source Files Read
  6. Analysis & Synthesis Resource Usage Summary
  7. Analysis & Synthesis Resource Utilization by Entity
  8. Registers Removed During Synthesis
  9. General Register Statistics
 10. Multiplexer Restructuring Statistics (Restructuring Performed)
 11. Parameter Settings for User Entity Instance: BaseDeTemps:inst3|DiviseurNGenerique:inst7
 12. Parameter Settings for User Entity Instance: BaseDeTemps:inst3|DiviseurNGenerique:inst6
 13. Parameter Settings for User Entity Instance: BaseDeTemps:inst3|DiviseurNGenerique:inst5
 14. Parameter Settings for User Entity Instance: BaseDeTemps:inst3|DiviseurNGenerique:inst3
 15. Parameter Settings for User Entity Instance: BaseDeTemps:inst3|DiviseurNGenerique:inst2
 16. Parameter Settings for User Entity Instance: BaseDeTemps:inst3|DiviseurNGenerique:inst1
 17. Parameter Settings for User Entity Instance: BaseDeTemps:inst3|DiviseurNGenerique:inst4
 18. Post-Synthesis Netlist Statistics for Top Partition
 19. Elapsed Time Per Partition
 20. Analysis & Synthesis Messages



----------------
; Legal Notice ;
----------------
Copyright (C) 2018  Intel Corporation. All rights reserved.
Your use of Intel Corporation's design tools, logic functions 
and other software and tools, and its AMPP partner logic 
functions, and any output files from any of the foregoing 
(including device programming or simulation files), and any 
associated documentation or information are expressly subject 
to the terms and conditions of the Intel Program License 
Subscription Agreement, the Intel Quartus Prime License Agreement,
the Intel FPGA IP License Agreement, or other applicable license
agreement, including, without limitation, that your use is for
the sole purpose of programming logic devices manufactured by
Intel and sold by Intel or its authorized distributors.  Please
refer to the applicable agreement for further details.



+----------------------------------------------------------------------------------+
; Analysis & Synthesis Summary                                                     ;
+------------------------------------+---------------------------------------------+
; Analysis & Synthesis Status        ; Successful - Sat Jul 22 11:24:27 2023       ;
; Quartus Prime Version              ; 18.1.0 Build 625 09/12/2018 SJ Lite Edition ;
; Revision Name                      ; TopUselessBox                               ;
; Top-level Entity Name              ; TopUselessBox                               ;
; Family                             ; MAX 10                                      ;
; Total logic elements               ; 121                                         ;
;     Total combinational functions  ; 121                                         ;
;     Dedicated logic registers      ; 49                                          ;
; Total registers                    ; 49                                          ;
; Total pins                         ; 12                                          ;
; Total virtual pins                 ; 0                                           ;
; Total memory bits                  ; 0                                           ;
; Embedded Multiplier 9-bit elements ; 0                                           ;
; Total PLLs                         ; 0                                           ;
; UFM blocks                         ; 0                                           ;
; ADC blocks                         ; 0                                           ;
+------------------------------------+---------------------------------------------+


+------------------------------------------------------------------------------------------------------------+
; Analysis & Synthesis Settings                                                                              ;
+------------------------------------------------------------------+--------------------+--------------------+
; Option                                                           ; Setting            ; Default Value      ;
+------------------------------------------------------------------+--------------------+--------------------+
; Device                                                           ; 10M08DAF484C8G     ;                    ;
; Top-level entity name                                            ; TopUselessBox      ; TopUselessBox      ;
; Family name                                                      ; MAX 10             ; Cyclone V          ;
; Use smart compilation                                            ; Off                ; Off                ;
; Enable parallel Assembler and Timing Analyzer during compilation ; On                 ; On                 ;
; Enable compact report table                                      ; Off                ; Off                ;
; Restructure Multiplexers                                         ; Auto               ; Auto               ;
; Create Debugging Nodes for IP Cores                              ; Off                ; Off                ;
; Preserve fewer node names                                        ; On                 ; On                 ;
; Intel FPGA IP Evaluation Mode                                    ; Enable             ; Enable             ;
; Verilog Version                                                  ; Verilog_2001       ; Verilog_2001       ;
; VHDL Version                                                     ; VHDL_1993          ; VHDL_1993          ;
; State Machine Processing                                         ; Auto               ; Auto               ;
; Safe State Machine                                               ; Off                ; Off                ;
; Extract Verilog State Machines                                   ; On                 ; On                 ;
; Extract VHDL State Machines                                      ; On                 ; On                 ;
; Ignore Verilog initial constructs                                ; Off                ; Off                ;
; Iteration limit for constant Verilog loops                       ; 5000               ; 5000               ;
; Iteration limit for non-constant Verilog loops                   ; 250                ; 250                ;
; Add Pass-Through Logic to Inferred RAMs                          ; On                 ; On                 ;
; Infer RAMs from Raw Logic                                        ; On                 ; On                 ;
; Parallel Synthesis                                               ; On                 ; On                 ;
; DSP Block Balancing                                              ; Auto               ; Auto               ;
; NOT Gate Push-Back                                               ; On                 ; On                 ;
; Power-Up Don't Care                                              ; On                 ; On                 ;
; Remove Redundant Logic Cells                                     ; Off                ; Off                ;
; Remove Duplicate Registers                                       ; On                 ; On                 ;
; Ignore CARRY Buffers                                             ; Off                ; Off                ;
; Ignore CASCADE Buffers                                           ; Off                ; Off                ;
; Ignore GLOBAL Buffers                                            ; Off                ; Off                ;
; Ignore ROW GLOBAL Buffers                                        ; Off                ; Off                ;
; Ignore LCELL Buffers                                             ; Off                ; Off                ;
; Ignore SOFT Buffers                                              ; On                 ; On                 ;
; Limit AHDL Integers to 32 Bits                                   ; Off                ; Off                ;
; Optimization Technique                                           ; Balanced           ; Balanced           ;
; Carry Chain Length                                               ; 70                 ; 70                 ;
; Auto Carry Chains                                                ; On                 ; On                 ;
; Auto Open-Drain Pins                                             ; On                 ; On                 ;
; Perform WYSIWYG Primitive Resynthesis                            ; Off                ; Off                ;
; Auto ROM Replacement                                             ; On                 ; On                 ;
; Auto RAM Replacement                                             ; On                 ; On                 ;
; Auto DSP Block Replacement                                       ; On                 ; On                 ;
; Auto Shift Register Replacement                                  ; Auto               ; Auto               ;
; Allow Shift Register Merging across Hierarchies                  ; Auto               ; Auto               ;
; Auto Clock Enable Replacement                                    ; On                 ; On                 ;
; Strict RAM Replacement                                           ; Off                ; Off                ;
; Allow Synchronous Control Signals                                ; On                 ; On                 ;
; Force Use of Synchronous Clear Signals                           ; Off                ; Off                ;
; Auto RAM Block Balancing                                         ; On                 ; On                 ;
; Auto RAM to Logic Cell Conversion                                ; Off                ; Off                ;
; Auto Resource Sharing                                            ; Off                ; Off                ;
; Allow Any RAM Size For Recognition                               ; Off                ; Off                ;
; Allow Any ROM Size For Recognition                               ; Off                ; Off                ;
; Allow Any Shift Register Size For Recognition                    ; Off                ; Off                ;
; Use LogicLock Constraints during Resource Balancing              ; On                 ; On                 ;
; Ignore translate_off and synthesis_off directives                ; Off                ; Off                ;
; Timing-Driven Synthesis                                          ; On                 ; On                 ;
; Report Parameter Settings                                        ; On                 ; On                 ;
; Report Source Assignments                                        ; On                 ; On                 ;
; Report Connectivity Checks                                       ; On                 ; On                 ;
; Ignore Maximum Fan-Out Assignments                               ; Off                ; Off                ;
; Synchronization Register Chain Length                            ; 2                  ; 2                  ;
; Power Optimization During Synthesis                              ; Normal compilation ; Normal compilation ;
; HDL message level                                                ; Level2             ; Level2             ;
; Suppress Register Optimization Related Messages                  ; Off                ; Off                ;
; Number of Removed Registers Reported in Synthesis Report         ; 5000               ; 5000               ;
; Number of Swept Nodes Reported in Synthesis Report               ; 5000               ; 5000               ;
; Number of Inverted Registers Reported in Synthesis Report        ; 100                ; 100                ;
; Clock MUX Protection                                             ; On                 ; On                 ;
; Auto Gated Clock Conversion                                      ; Off                ; Off                ;
; Block Design Naming                                              ; Auto               ; Auto               ;
; SDC constraint protection                                        ; Off                ; Off                ;
; Synthesis Effort                                                 ; Auto               ; Auto               ;
; Shift Register Replacement - Allow Asynchronous Clear Signal     ; On                 ; On                 ;
; Pre-Mapping Resynthesis Optimization                             ; Off                ; Off                ;
; Analysis & Synthesis Message Level                               ; Medium             ; Medium             ;
; Disable Register Merging Across Hierarchies                      ; Auto               ; Auto               ;
; Resource Aware Inference For Block RAM                           ; On                 ; On                 ;
+------------------------------------------------------------------+--------------------+--------------------+


+------------------------------------------+
; Parallel Compilation                     ;
+----------------------------+-------------+
; Processors                 ; Number      ;
+----------------------------+-------------+
; Number detected on machine ; 8           ;
; Maximum allowed            ; 4           ;
;                            ;             ;
; Average used               ; 1.00        ;
; Maximum used               ; 4           ;
;                            ;             ;
; Usage by Processor         ; % Time Used ;
;     Processor 1            ; 100.0%      ;
;     Processors 2-4         ;   0.0%      ;
+----------------------------+-------------+


+----------------------------------------------------------------------------------------------------------------------------------------------------------------------------------------+
; Analysis & Synthesis Source Files Read                                                                                                                                                 ;
+----------------------------------------------+-----------------+------------------------------------+------------------------------------------------------------------------+---------+
; File Name with User-Entered Path             ; Used in Netlist ; File Type                          ; File Name with Absolute Path                                           ; Library ;
+----------------------------------------------+-----------------+------------------------------------+------------------------------------------------------------------------+---------+
; ../Servo/Servo.vhd                           ; yes             ; User VHDL File                     ; C:/Users/Lucas/Documents/ER2/Servo/Servo.vhd                           ;         ;
; ../Bargraph/Bargraph.vhd                     ; yes             ; User VHDL File                     ; C:/Users/Lucas/Documents/ER2/Bargraph/Bargraph.vhd                     ;         ;
; ../DiviseurNGenerique/DiviseurNGenerique.vhd ; yes             ; User VHDL File                     ; C:/Users/Lucas/Documents/ER2/DiviseurNGenerique/DiviseurNGenerique.vhd ;         ;
; ../BaseDeTemps/BaseDeTemps.bdf               ; yes             ; User Block Diagram/Schematic File  ; C:/Users/Lucas/Documents/ER2/BaseDeTemps/BaseDeTemps.bdf               ;         ;
; TopUselessBox.bdf                            ; yes             ; User Block Diagram/Schematic File  ; C:/Users/Lucas/Documents/ER2/TopUselessBox/TopUselessBox.bdf           ;         ;
; 74157.bdf                                    ; yes             ; Megafunction                       ; c:/intelfpga_lite/18.1/quartus/libraries/others/maxplus2/74157.bdf     ;         ;
; 74190.bdf                                    ; yes             ; Megafunction                       ; c:/intelfpga_lite/18.1/quartus/libraries/others/maxplus2/74190.bdf     ;         ;
+----------------------------------------------+-----------------+------------------------------------+------------------------------------------------------------------------+---------+


+--------------------------------------------------------------+
; Analysis & Synthesis Resource Usage Summary                  ;
+---------------------------------------------+----------------+
; Resource                                    ; Usage          ;
+---------------------------------------------+----------------+
; Estimated Total logic elements              ; 121            ;
;                                             ;                ;
; Total combinational functions               ; 121            ;
; Logic element usage by number of LUT inputs ;                ;
;     -- 4 input functions                    ; 51             ;
;     -- 3 input functions                    ; 12             ;
;     -- <=2 input functions                  ; 58             ;
;                                             ;                ;
; Logic elements by mode                      ;                ;
;     -- normal mode                          ; 93             ;
;     -- arithmetic mode                      ; 28             ;
;                                             ;                ;
; Total registers                             ; 49             ;
;     -- Dedicated logic registers            ; 49             ;
;     -- I/O registers                        ; 0              ;
;                                             ;                ;
; I/O pins                                    ; 12             ;
;                                             ;                ;
; Embedded Multiplier 9-bit elements          ; 0              ;
;                                             ;                ;
; Maximum fan-out node                        ; CLOCK_50~input ;
; Maximum fan-out                             ; 33             ;
; Total fan-out                               ; 481            ;
; Average fan-out                             ; 2.48           ;
+---------------------------------------------+----------------+


+---------------------------------------------------------------------------------------------------------------------------------------------------------------------------------------------------------------------------------------------------------------------------------------+
; Analysis & Synthesis Resource Utilization by Entity                                                                                                                                                                                                                                   ;
+----------------------------------+---------------------+---------------------------+-------------+------------+--------------+---------+-----------+------+--------------+------------+-----------------------------------------------------------+--------------------+--------------+
; Compilation Hierarchy Node       ; Combinational ALUTs ; Dedicated Logic Registers ; Memory Bits ; UFM Blocks ; DSP Elements ; DSP 9x9 ; DSP 18x18 ; Pins ; Virtual Pins ; ADC blocks ; Full Hierarchy Name                                       ; Entity Name        ; Library Name ;
+----------------------------------+---------------------+---------------------------+-------------+------------+--------------+---------+-----------+------+--------------+------------+-----------------------------------------------------------+--------------------+--------------+
; |TopUselessBox                   ; 121 (3)             ; 49 (0)                    ; 0           ; 0          ; 0            ; 0       ; 0         ; 12   ; 0            ; 0          ; |TopUselessBox                                            ; TopUselessBox      ; work         ;
;    |74190:inst5|                 ; 8 (8)               ; 4 (4)                     ; 0           ; 0          ; 0            ; 0       ; 0         ; 0    ; 0            ; 0          ; |TopUselessBox|74190:inst5                                ; 74190              ; work         ;
;    |Bargraph:inst1|              ; 7 (7)               ; 0 (0)                     ; 0           ; 0          ; 0            ; 0       ; 0         ; 0    ; 0            ; 0          ; |TopUselessBox|Bargraph:inst1                             ; Bargraph           ; work         ;
;    |BaseDeTemps:inst3|           ; 67 (0)              ; 33 (0)                    ; 0           ; 0          ; 0            ; 0       ; 0         ; 0    ; 0            ; 0          ; |TopUselessBox|BaseDeTemps:inst3                          ; BaseDeTemps        ; work         ;
;       |DiviseurNGenerique:inst1| ; 11 (11)             ; 7 (7)                     ; 0           ; 0          ; 0            ; 0       ; 0         ; 0    ; 0            ; 0          ; |TopUselessBox|BaseDeTemps:inst3|DiviseurNGenerique:inst1 ; DiviseurNGenerique ; work         ;
;       |DiviseurNGenerique:inst2| ; 8 (8)               ; 5 (5)                     ; 0           ; 0          ; 0            ; 0       ; 0         ; 0    ; 0            ; 0          ; |TopUselessBox|BaseDeTemps:inst3|DiviseurNGenerique:inst2 ; DiviseurNGenerique ; work         ;
;       |DiviseurNGenerique:inst3| ; 20 (20)             ; 8 (8)                     ; 0           ; 0          ; 0            ; 0       ; 0         ; 0    ; 0            ; 0          ; |TopUselessBox|BaseDeTemps:inst3|DiviseurNGenerique:inst3 ; DiviseurNGenerique ; work         ;
;       |DiviseurNGenerique:inst5| ; 24 (24)             ; 9 (9)                     ; 0           ; 0          ; 0            ; 0       ; 0         ; 0    ; 0            ; 0          ; |TopUselessBox|BaseDeTemps:inst3|DiviseurNGenerique:inst5 ; DiviseurNGenerique ; work         ;
;       |DiviseurNGenerique:inst6| ; 2 (2)               ; 2 (2)                     ; 0           ; 0          ; 0            ; 0       ; 0         ; 0    ; 0            ; 0          ; |TopUselessBox|BaseDeTemps:inst3|DiviseurNGenerique:inst6 ; DiviseurNGenerique ; work         ;
;       |DiviseurNGenerique:inst7| ; 2 (2)               ; 2 (2)                     ; 0           ; 0          ; 0            ; 0       ; 0         ; 0    ; 0            ; 0          ; |TopUselessBox|BaseDeTemps:inst3|DiviseurNGenerique:inst7 ; DiviseurNGenerique ; work         ;
;    |Servo:inst6|                 ; 36 (36)             ; 12 (12)                   ; 0           ; 0          ; 0            ; 0       ; 0         ; 0    ; 0            ; 0          ; |TopUselessBox|Servo:inst6                                ; Servo              ; work         ;
+----------------------------------+---------------------+---------------------------+-------------+------------+--------------+---------+-----------+------+--------------+------------+-----------------------------------------------------------+--------------------+--------------+
Note: For table entries with two numbers listed, the numbers in parentheses indicate the number of resources of the given type used by the specific entity alone. The numbers listed outside of parentheses indicate the total resources of the given type used by the specific entity and all of its sub-entities in the hierarchy.


+---------------------------------------------------------------------------------------------+
; Registers Removed During Synthesis                                                          ;
+----------------------------------------------------+----------------------------------------+
; Register name                                      ; Reason for Removal                     ;
+----------------------------------------------------+----------------------------------------+
; BaseDeTemps:inst3|DiviseurNGenerique:inst7|etat[1] ; Stuck at GND due to stuck port data_in ;
; BaseDeTemps:inst3|DiviseurNGenerique:inst6|etat[1] ; Stuck at GND due to stuck port data_in ;
; Total Number of Removed Registers = 2              ;                                        ;
+----------------------------------------------------+----------------------------------------+


+------------------------------------------------------+
; General Register Statistics                          ;
+----------------------------------------------+-------+
; Statistic                                    ; Value ;
+----------------------------------------------+-------+
; Total registers                              ; 49    ;
; Number of registers using Synchronous Clear  ; 0     ;
; Number of registers using Synchronous Load   ; 6     ;
; Number of registers using Asynchronous Clear ; 0     ;
; Number of registers using Asynchronous Load  ; 0     ;
; Number of registers using Clock Enable       ; 0     ;
; Number of registers using Preset             ; 0     ;
+----------------------------------------------+-------+


+---------------------------------------------------------------------------------------------------------------------------------------------------------------------------------+
; Multiplexer Restructuring Statistics (Restructuring Performed)                                                                                                                  ;
+--------------------+-----------+---------------+----------------------+------------------------+------------+-------------------------------------------------------------------+
; Multiplexer Inputs ; Bus Width ; Baseline Area ; Area if Restructured ; Saving if Restructured ; Registered ; Example Multiplexer Output                                        ;
+--------------------+-----------+---------------+----------------------+------------------------+------------+-------------------------------------------------------------------+
; 16:1               ; 3 bits    ; 30 LEs        ; 3 LEs                ; 27 LEs                 ; Yes        ; |TopUselessBox|BaseDeTemps:inst3|DiviseurNGenerique:inst2|etat[3] ;
; 64:1               ; 6 bits    ; 252 LEs       ; 12 LEs               ; 240 LEs                ; Yes        ; |TopUselessBox|BaseDeTemps:inst3|DiviseurNGenerique:inst1|etat[5] ;
; 128:1              ; 6 bits    ; 510 LEs       ; 6 LEs                ; 504 LEs                ; Yes        ; |TopUselessBox|BaseDeTemps:inst3|DiviseurNGenerique:inst3|etat[3] ;
; 256:1              ; 7 bits    ; 1190 LEs      ; 7 LEs                ; 1183 LEs               ; Yes        ; |TopUselessBox|BaseDeTemps:inst3|DiviseurNGenerique:inst5|etat[7] ;
+--------------------+-----------+---------------+----------------------+------------------------+------------+-------------------------------------------------------------------+


+-----------------------------------------------------------------------------------------+
; Parameter Settings for User Entity Instance: BaseDeTemps:inst3|DiviseurNGenerique:inst7 ;
+----------------+-------+----------------------------------------------------------------+
; Parameter Name ; Value ; Type                                                           ;
+----------------+-------+----------------------------------------------------------------+
; n              ; 2     ; Signed Integer                                                 ;
+----------------+-------+----------------------------------------------------------------+
Note: In order to hide this table in the UI and the text report file, please set the "Show Parameter Settings in Synthesis Report" option in "Analysis and Synthesis Settings -> More Settings" to "Off".


+-----------------------------------------------------------------------------------------+
; Parameter Settings for User Entity Instance: BaseDeTemps:inst3|DiviseurNGenerique:inst6 ;
+----------------+-------+----------------------------------------------------------------+
; Parameter Name ; Value ; Type                                                           ;
+----------------+-------+----------------------------------------------------------------+
; n              ; 2     ; Signed Integer                                                 ;
+----------------+-------+----------------------------------------------------------------+
Note: In order to hide this table in the UI and the text report file, please set the "Show Parameter Settings in Synthesis Report" option in "Analysis and Synthesis Settings -> More Settings" to "Off".


+-----------------------------------------------------------------------------------------+
; Parameter Settings for User Entity Instance: BaseDeTemps:inst3|DiviseurNGenerique:inst5 ;
+----------------+-------+----------------------------------------------------------------+
; Parameter Name ; Value ; Type                                                           ;
+----------------+-------+----------------------------------------------------------------+
; n              ; 250   ; Signed Integer                                                 ;
+----------------+-------+----------------------------------------------------------------+
Note: In order to hide this table in the UI and the text report file, please set the "Show Parameter Settings in Synthesis Report" option in "Analysis and Synthesis Settings -> More Settings" to "Off".


+-----------------------------------------------------------------------------------------+
; Parameter Settings for User Entity Instance: BaseDeTemps:inst3|DiviseurNGenerique:inst3 ;
+----------------+-------+----------------------------------------------------------------+
; Parameter Name ; Value ; Type                                                           ;
+----------------+-------+----------------------------------------------------------------+
; n              ; 100   ; Signed Integer                                                 ;
+----------------+-------+----------------------------------------------------------------+
Note: In order to hide this table in the UI and the text report file, please set the "Show Parameter Settings in Synthesis Report" option in "Analysis and Synthesis Settings -> More Settings" to "Off".


+-----------------------------------------------------------------------------------------+
; Parameter Settings for User Entity Instance: BaseDeTemps:inst3|DiviseurNGenerique:inst2 ;
+----------------+-------+----------------------------------------------------------------+
; Parameter Name ; Value ; Type                                                           ;
+----------------+-------+----------------------------------------------------------------+
; n              ; 10    ; Signed Integer                                                 ;
+----------------+-------+----------------------------------------------------------------+
Note: In order to hide this table in the UI and the text report file, please set the "Show Parameter Settings in Synthesis Report" option in "Analysis and Synthesis Settings -> More Settings" to "Off".


+-----------------------------------------------------------------------------------------+
; Parameter Settings for User Entity Instance: BaseDeTemps:inst3|DiviseurNGenerique:inst1 ;
+----------------+-------+----------------------------------------------------------------+
; Parameter Name ; Value ; Type                                                           ;
+----------------+-------+----------------------------------------------------------------+
; n              ; 50    ; Signed Integer                                                 ;
+----------------+-------+----------------------------------------------------------------+
Note: In order to hide this table in the UI and the text report file, please set the "Show Parameter Settings in Synthesis Report" option in "Analysis and Synthesis Settings -> More Settings" to "Off".


+-----------------------------------------------------------------------------------------+
; Parameter Settings for User Entity Instance: BaseDeTemps:inst3|DiviseurNGenerique:inst4 ;
+----------------+-------+----------------------------------------------------------------+
; Parameter Name ; Value ; Type                                                           ;
+----------------+-------+----------------------------------------------------------------+
; n              ; 100   ; Signed Integer                                                 ;
+----------------+-------+----------------------------------------------------------------+
Note: In order to hide this table in the UI and the text report file, please set the "Show Parameter Settings in Synthesis Report" option in "Analysis and Synthesis Settings -> More Settings" to "Off".


+-----------------------------------------------------+
; Post-Synthesis Netlist Statistics for Top Partition ;
+-----------------------+-----------------------------+
; Type                  ; Count                       ;
+-----------------------+-----------------------------+
; boundary_port         ; 12                          ;
; cycloneiii_ff         ; 49                          ;
;     SLD               ; 6                           ;
;     plain             ; 43                          ;
; cycloneiii_lcell_comb ; 124                         ;
;     arith             ; 28                          ;
;         2 data inputs ; 26                          ;
;         3 data inputs ; 2                           ;
;     normal            ; 96                          ;
;         0 data inputs ; 1                           ;
;         1 data inputs ; 8                           ;
;         2 data inputs ; 26                          ;
;         3 data inputs ; 10                          ;
;         4 data inputs ; 51                          ;
;                       ;                             ;
; Max LUT depth         ; 7.00                        ;
; Average LUT depth     ; 3.31                        ;
+-----------------------+-----------------------------+


+-------------------------------+
; Elapsed Time Per Partition    ;
+----------------+--------------+
; Partition Name ; Elapsed Time ;
+----------------+--------------+
; Top            ; 00:00:01     ;
+----------------+--------------+


+-------------------------------+
; Analysis & Synthesis Messages ;
+-------------------------------+
Info: *******************************************************************
Info: Running Quartus Prime Analysis & Synthesis
    Info: Version 18.1.0 Build 625 09/12/2018 SJ Lite Edition
    Info: Processing started: Sat Jul 22 11:23:53 2023
Info: Command: quartus_map --read_settings_files=on --write_settings_files=off TopUselessBox -c TopUselessBox
Warning (18236): Number of processors has not been specified which may cause overloading on shared machines.  Set the global assignment NUM_PARALLEL_PROCESSORS in your QSF to an appropriate value for best performance.
Info (20030): Parallel compilation is enabled and will use 4 of the 4 processors detected
Info (12021): Found 2 design units, including 1 entities, in source file /users/lucas/documents/er2/servo/servo.vhd
    Info (12022): Found design unit 1: Servo-arch_Servo File: C:/Users/Lucas/Documents/ER2/Servo/Servo.vhd Line: 17
    Info (12023): Found entity 1: Servo File: C:/Users/Lucas/Documents/ER2/Servo/Servo.vhd Line: 6
Info (12021): Found 2 design units, including 1 entities, in source file /users/lucas/documents/er2/bargraph/bargraph.vhd
    Info (12022): Found design unit 1: Bargraph-arch_Bargraph File: C:/Users/Lucas/Documents/ER2/Bargraph/Bargraph.vhd Line: 17
    Info (12023): Found entity 1: Bargraph File: C:/Users/Lucas/Documents/ER2/Bargraph/Bargraph.vhd Line: 6
Info (12021): Found 2 design units, including 1 entities, in source file /users/lucas/documents/er2/diviseurngenerique/diviseurngenerique.vhd
    Info (12022): Found design unit 1: DiviseurNGenerique-a_DiviseurNGenerique File: C:/Users/Lucas/Documents/ER2/DiviseurNGenerique/DiviseurNGenerique.vhd Line: 14
    Info (12023): Found entity 1: DiviseurNGenerique File: C:/Users/Lucas/Documents/ER2/DiviseurNGenerique/DiviseurNGenerique.vhd Line: 6
Info (12021): Found 1 design units, including 1 entities, in source file /users/lucas/documents/er2/basedetemps/basedetemps.bdf
    Info (12023): Found entity 1: BaseDeTemps
Info (12021): Found 1 design units, including 1 entities, in source file topuselessbox.bdf
    Info (12023): Found entity 1: TopUselessBox
Info (12127): Elaborating entity "TopUselessBox" for the top level hierarchy
Warning (275008): Primitive "JKFF" of instance "inst4" not used
Info (12128): Elaborating entity "Servo" for hierarchy "Servo:inst6"
Info (12128): Elaborating entity "BaseDeTemps" for hierarchy "BaseDeTemps:inst3"
Info (12128): Elaborating entity "DiviseurNGenerique" for hierarchy "BaseDeTemps:inst3|DiviseurNGenerique:inst7"
Info (12128): Elaborating entity "DiviseurNGenerique" for hierarchy "BaseDeTemps:inst3|DiviseurNGenerique:inst5"
Info (12128): Elaborating entity "DiviseurNGenerique" for hierarchy "BaseDeTemps:inst3|DiviseurNGenerique:inst3"
Info (12128): Elaborating entity "DiviseurNGenerique" for hierarchy "BaseDeTemps:inst3|DiviseurNGenerique:inst2"
Info (12128): Elaborating entity "DiviseurNGenerique" for hierarchy "BaseDeTemps:inst3|DiviseurNGenerique:inst1"
Info (12128): Elaborating entity "74157" for hierarchy "74157:inst8"
Info (12130): Elaborated megafunction instantiation "74157:inst8"
Info (12128): Elaborating entity "74190" for hierarchy "74190:inst5"
Info (12130): Elaborated megafunction instantiation "74190:inst5"
Info (12128): Elaborating entity "Bargraph" for hierarchy "Bargraph:inst1"
Info (286030): Timing-Driven Synthesis is running
Info (16010): Generating hard_block partition "hard_block:auto_generated_inst"
    Info (16011): Adding 0 node(s), including 0 DDIO, 0 PLL, 0 transceiver and 0 LCELL
Info (21057): Implemented 133 device resources after synthesis - the final resource count might be different
    Info (21058): Implemented 2 input pins
    Info (21059): Implemented 10 output pins
    Info (21061): Implemented 121 logic cells
Info: Quartus Prime Analysis & Synthesis was successful. 0 errors, 2 warnings
    Info: Peak virtual memory: 4799 megabytes
    Info: Processing ended: Sat Jul 22 11:24:27 2023
    Info: Elapsed time: 00:00:34
    Info: Total CPU time (on all processors): 00:00:13


